<?xml version="1.0" encoding="UTF-8"?>
<testsuite xmlns:xsi="http://www.w3.org/2001/XMLSchema-instance" xsi:noNamespaceSchemaLocation="https://maven.apache.org/surefire/maven-surefire-plugin/xsd/surefire-test-report.xsd" version="3.0.2" name="com.waxjx.largescale.LargescaleApplicationTests" time="30.746" tests="1" errors="0" skipped="0" failures="0">
  <properties>
[...]
</properties>
  <testcase name="contextLoads" classname="com.waxjx.largescale.LargescaleApplicationTests" time="0.609">
    <system-out><![CDATA[16:57:22.538 [main] INFO org.springframework.test.context.support.AnnotationConfigContextLoaderUtils -- Could not detect default configuration classes for test class [com.waxjx.largescale.LargescaleApplicationTests]: LargescaleApplicationTests does not declare any static, non-private, non-final, nested classes annotated with @Configuration.
16:57:22.649 [main] INFO org.springframework.boot.test.context.SpringBootTestContextBootstrapper -- Found @SpringBootConfiguration com.waxjx.largescale.LargescaleApplication for test class com.waxjx.largescale.LargescaleApplicationTests

  .   ____          _            __ _ _
 /\\ / ___'_ __ _ _(_)_ __  __ _ \ \ \ \
( ( )\___ | '_ | '_| | '_ \/ _` | \ \ \ \
 \\/  ___)| |_)| | | | | || (_| |  ) ) ) )
  '  |____| .__|_| |_|_| |_\__, | / / / /
 =========|_|==============|___/=/_/_/_/

 :: Spring Boot ::                (v3.4.4)

2025-05-13T16:57:23.019+08:00  INFO 30248 --- [largescale] [           main] c.w.l.LargescaleApplicationTests         : Starting LargescaleApplicationTests using Java 23.0.1 with PID 30248 (started by ASUS in F:\users\Desktop\zheda\大三下课程\大规模信息系统构建技术导论\代码\GitHub\large-scale-Introduction\largescale)
2025-05-13T16:57:23.020+08:00  INFO 30248 --- [largescale] [           main] c.w.l.LargescaleApplicationTests         : No active profile set, falling back to 1 default profile: "default"
2025-05-13T16:57:23.849+08:00  INFO 30248 --- [largescale] [           main] o.a.c.f.imps.CuratorFrameworkImpl        : Starting
2025-05-13T16:57:23.856+08:00  INFO 30248 --- [largescale] [           main] org.apache.zookeeper.ZooKeeper           : Client environment:zookeeper.version=3.8.4-9316c2a7a97e1666d8f4593f34dd6fc36ecc436c, built on 2024-02-12 22:16 UTC
2025-05-13T16:57:23.856+08:00  INFO 30248 --- [largescale] [           main] org.apache.zookeeper.ZooKeeper           : Client environment:host.name=LAPTOP-S250UEKE
2025-05-13T16:57:23.856+08:00  INFO 30248 --- [largescale] [           main] org.apache.zookeeper.ZooKeeper           : Client environment:java.version=23.0.1
2025-05-13T16:57:23.856+08:00  INFO 30248 --- [largescale] [           main] org.apache.zookeeper.ZooKeeper           : Client environment:java.vendor=Oracle Corporation
2025-05-13T16:57:23.856+08:00  INFO 30248 --- [largescale] [           main] org.apache.zookeeper.ZooKeeper           : Client environment:java.home=C:\Users\ASUS\.jdks\openjdk-23.0.1
2025-05-13T16:57:23.856+08:00  INFO 30248 --- [largescale] [           main] org.apache.zookeeper.ZooKeeper           : Client environment:java.class.path=F:\users\Desktop\zheda\大三下课程\大规模信息系统构建技术导论\代码\GitHub\large-scale-Introduction\largescale\target\test-classes;F:\users\Desktop\zheda\大三下课程\大规模信息系统构建技术导论\代码\GitHub\large-scale-Introduction\largescale\target\classes;C:\Users\ASUS\.m2\repository\org\springframework\boot\spring-boot-starter-web\3.4.4\spring-boot-starter-web-3.4.4.jar;C:\Users\ASUS\.m2\repository\org\springframework\boot\spring-boot-starter\3.4.4\spring-boot-starter-3.4.4.jar;C:\Users\ASUS\.m2\repository\org\springframework\boot\spring-boot\3.4.4\spring-boot-3.4.4.jar;C:\Users\ASUS\.m2\repository\org\springframework\boot\spring-boot-autoconfigure\3.4.4\spring-boot-autoconfigure-3.4.4.jar;C:\Users\ASUS\.m2\repository\org\springframework\boot\spring-boot-starter-logging\3.4.4\spring-boot-starter-logging-3.4.4.jar;C:\Users\ASUS\.m2\repository\org\apache\logging\log4j\log4j-to-slf4j\2.24.3\log4j-to-slf4j-2.24.3.jar;C:\Users\ASUS\.m2\repository\org\apache\logging\log4j\log4j-api\2.24.3\log4j-api-2.24.3.jar;C:\Users\ASUS\.m2\repository\org\slf4j\jul-to-slf4j\2.0.17\jul-to-slf4j-2.0.17.jar;C:\Users\ASUS\.m2\repository\jakarta\annotation\jakarta.annotation-api\2.1.1\jakarta.annotation-api-2.1.1.jar;C:\Users\ASUS\.m2\repository\org\yaml\snakeyaml\2.3\snakeyaml-2.3.jar;C:\Users\ASUS\.m2\repository\org\springframework\boot\spring-boot-starter-json\3.4.4\spring-boot-starter-json-3.4.4.jar;C:\Users\ASUS\.m2\repository\com\fasterxml\jackson\core\jackson-databind\2.18.3\jackson-databind-2.18.3.jar;C:\Users\ASUS\.m2\repository\com\fasterxml\jackson\core\jackson-annotations\2.18.3\jackson-annotations-2.18.3.jar;C:\Users\ASUS\.m2\repository\com\fasterxml\jackson\core\jackson-core\2.18.3\jackson-core-2.18.3.jar;C:\Users\ASUS\.m2\repository\com\fasterxml\jackson\datatype\jackson-datatype-jdk8\2.18.3\jackson-datatype-jdk8-2.18.3.jar;C:\Users\ASUS\.m2\repository\com\fasterxml\jackson\datatype\jackson-datatype-jsr310\2.18.3\jackson-datatype-jsr310-2.18.3.jar;C:\Users\ASUS\.m2\repository\com\fasterxml\jackson\module\jackson-module-parameter-names\2.18.3\jackson-module-parameter-names-2.18.3.jar;C:\Users\ASUS\.m2\repository\org\springframework\boot\spring-boot-starter-tomcat\3.4.4\spring-boot-starter-tomcat-3.4.4.jar;C:\Users\ASUS\.m2\repository\org\apache\tomcat\embed\tomcat-embed-core\10.1.39\tomcat-embed-core-10.1.39.jar;C:\Users\ASUS\.m2\repository\org\apache\tomcat\embed\tomcat-embed-el\10.1.39\tomcat-embed-el-10.1.39.jar;C:\Users\ASUS\.m2\repository\org\apache\tomcat\embed\tomcat-embed-websocket\10.1.39\tomcat-embed-websocket-10.1.39.jar;C:\Users\ASUS\.m2\repository\org\springframework\spring-web\6.2.5\spring-web-6.2.5.jar;C:\Users\ASUS\.m2\repository\org\springframework\spring-beans\6.2.5\spring-beans-6.2.5.jar;C:\Users\ASUS\.m2\repository\io\micrometer\micrometer-observation\1.14.5\micrometer-observation-1.14.5.jar;C:\Users\ASUS\.m2\repository\io\micrometer\micrometer-commons\1.14.5\micrometer-commons-1.14.5.jar;C:\Users\ASUS\.m2\repository\org\springframework\spring-webmvc\6.2.5\spring-webmvc-6.2.5.jar;C:\Users\ASUS\.m2\repository\org\springframework\spring-aop\6.2.5\spring-aop-6.2.5.jar;C:\Users\ASUS\.m2\repository\org\springframework\spring-context\6.2.5\spring-context-6.2.5.jar;C:\Users\ASUS\.m2\repository\org\springframework\spring-expression\6.2.5\spring-expression-6.2.5.jar;C:\Users\ASUS\.m2\repository\org\springframework\boot\spring-boot-starter-test\3.4.4\spring-boot-starter-test-3.4.4.jar;C:\Users\ASUS\.m2\repository\org\springframework\boot\spring-boot-test\3.4.4\spring-boot-test-3.4.4.jar;C:\Users\ASUS\.m2\repository\org\springframework\boot\spring-boot-test-autoconfigure\3.4.4\spring-boot-test-autoconfigure-3.4.4.jar;C:\Users\ASUS\.m2\repository\com\jayway\jsonpath\json-path\2.9.0\json-path-2.9.0.jar;C:\Users\ASUS\.m2\repository\jakarta\xml\bind\jakarta.xml.bind-api\4.0.2\jakarta.xml.bind-api-4.0.2.jar;C:\Users\ASUS\.m2\repository\jakarta\activation\jakarta.activation-api\2.1.3\jakarta.activation-api-2.1.3.jar;C:\Users\ASUS\.m2\repository\net\minidev\json-smart\2.5.2\json-smart-2.5.2.jar;C:\Users\ASUS\.m2\repository\net\minidev\accessors-smart\2.5.2\accessors-smart-2.5.2.jar;C:\Users\ASUS\.m2\repository\org\ow2\asm\asm\9.7.1\asm-9.7.1.jar;C:\Users\ASUS\.m2\repository\org\assertj\assertj-core\3.26.3\assertj-core-3.26.3.jar;C:\Users\ASUS\.m2\repository\net\bytebuddy\byte-buddy\1.15.11\byte-buddy-1.15.11.jar;C:\Users\ASUS\.m2\repository\org\awaitility\awaitility\4.2.2\awaitility-4.2.2.jar;C:\Users\ASUS\.m2\repository\org\hamcrest\hamcrest\2.2\hamcrest-2.2.jar;C:\Users\ASUS\.m2\repository\org\junit\jupiter\junit-jupiter\5.11.4\junit-jupiter-5.11.4.jar;C:\Users\ASUS\.m2\repository\org\junit\jupiter\junit-jupiter-api\5.11.4\junit-jupiter-api-5.11.4.jar;C:\Users\ASUS\.m2\repository\org\opentest4j\opentest4j\1.3.0\opentest4j-1.3.0.jar;C:\Users\ASUS\.m2\repository\org\junit\platform\junit-platform-commons\1.11.4\junit-platform-commons-1.11.4.jar;C:\Users\ASUS\.m2\repository\org\apiguardian\apiguardian-api\1.1.2\apiguardian-api-1.1.2.jar;C:\Users\ASUS\.m2\repository\org\junit\jupiter\junit-jupiter-params\5.11.4\junit-jupiter-params-5.11.4.jar;C:\Users\ASUS\.m2\repository\org\junit\jupiter\junit-jupiter-engine\5.11.4\junit-jupiter-engine-5.11.4.jar;C:\Users\ASUS\.m2\repository\org\junit\platform\junit-platform-engine\1.11.4\junit-platform-engine-1.11.4.jar;C:\Users\ASUS\.m2\repository\org\mockito\mockito-core\5.14.2\mockito-core-5.14.2.jar;C:\Users\ASUS\.m2\repository\net\bytebuddy\byte-buddy-agent\1.15.11\byte-buddy-agent-1.15.11.jar;C:\Users\ASUS\.m2\repository\org\objenesis\objenesis\3.3\objenesis-3.3.jar;C:\Users\ASUS\.m2\repository\org\mockito\mockito-junit-jupiter\5.14.2\mockito-junit-jupiter-5.14.2.jar;C:\Users\ASUS\.m2\repository\org\skyscreamer\jsonassert\1.5.3\jsonassert-1.5.3.jar;C:\Users\ASUS\.m2\repository\com\vaadin\external\google\android-json\0.0.20131108.vaadin1\android-json-0.0.20131108.vaadin1.jar;C:\Users\ASUS\.m2\repository\org\springframework\spring-core\6.2.5\spring-core-6.2.5.jar;C:\Users\ASUS\.m2\repository\org\springframework\spring-jcl\6.2.5\spring-jcl-6.2.5.jar;C:\Users\ASUS\.m2\repository\org\springframework\spring-test\6.2.5\spring-test-6.2.5.jar;C:\Users\ASUS\.m2\repository\org\xmlunit\xmlunit-core\2.10.0\xmlunit-core-2.10.0.jar;C:\Users\ASUS\.m2\repository\org\mybatis\spring\boot\mybatis-spring-boot-starter\3.0.4\mybatis-spring-boot-starter-3.0.4.jar;C:\Users\ASUS\.m2\repository\org\springframework\boot\spring-boot-starter-jdbc\3.4.4\spring-boot-starter-jdbc-3.4.4.jar;C:\Users\ASUS\.m2\repository\com\zaxxer\HikariCP\5.1.0\HikariCP-5.1.0.jar;C:\Users\ASUS\.m2\repository\org\springframework\spring-jdbc\6.2.5\spring-jdbc-6.2.5.jar;C:\Users\ASUS\.m2\repository\org\springframework\spring-tx\6.2.5\spring-tx-6.2.5.jar;C:\Users\ASUS\.m2\repository\org\mybatis\spring\boot\mybatis-spring-boot-autoconfigure\3.0.4\mybatis-spring-boot-autoconfigure-3.0.4.jar;C:\Users\ASUS\.m2\repository\org\mybatis\mybatis\3.5.17\mybatis-3.5.17.jar;C:\Users\ASUS\.m2\repository\org\mybatis\mybatis-spring\3.0.4\mybatis-spring-3.0.4.jar;C:\Users\ASUS\.m2\repository\org\apache\curator\curator-framework\5.5.0\curator-framework-5.5.0.jar;C:\Users\ASUS\.m2\repository\org\apache\curator\curator-client\5.5.0\curator-client-5.5.0.jar;C:\Users\ASUS\.m2\repository\com\google\guava\guava\31.1-jre\guava-31.1-jre.jar;C:\Users\ASUS\.m2\repository\com\google\guava\failureaccess\1.0.1\failureaccess-1.0.1.jar;C:\Users\ASUS\.m2\repository\com\google\guava\listenablefuture\9999.0-empty-to-avoid-conflict-with-guava\listenablefuture-9999.0-empty-to-avoid-conflict-with-guava.jar;C:\Users\ASUS\.m2\repository\com\google\code\findbugs\jsr305\3.0.2\jsr305-3.0.2.jar;C:\Users\ASUS\.m2\repository\org\checkerframework\checker-qual\3.12.0\checker-qual-3.12.0.jar;C:\Users\ASUS\.m2\repository\com\google\errorprone\error_prone_annotations\2.11.0\error_prone_annotations-2.11.0.jar;C:\Users\ASUS\.m2\repository\com\google\j2objc\j2objc-annotations\1.3\j2objc-annotations-1.3.jar;C:\Users\ASUS\.m2\repository\org\apache\curator\curator-recipes\5.5.0\curator-recipes-5.5.0.jar;C:\Users\ASUS\.m2\repository\mysql\mysql-connector-java\8.0.30\mysql-connector-java-8.0.30.jar;C:\Users\ASUS\.m2\repository\com\google\protobuf\protobuf-java\3.19.4\protobuf-java-3.19.4.jar;C:\Users\ASUS\.m2\repository\org\apache\zookeeper\zookeeper\3.8.4\zookeeper-3.8.4.jar;C:\Users\ASUS\.m2\repository\org\apache\zookeeper\zookeeper-jute\3.8.4\zookeeper-jute-3.8.4.jar;C:\Users\ASUS\.m2\repository\org\apache\yetus\audience-annotations\0.12.0\audience-annotations-0.12.0.jar;C:\Users\ASUS\.m2\repository\io\netty\netty-handler\4.1.119.Final\netty-handler-4.1.119.Final.jar;C:\Users\ASUS\.m2\repository\io\netty\netty-common\4.1.119.Final\netty-common-4.1.119.Final.jar;C:\Users\ASUS\.m2\repository\io\netty\netty-resolver\4.1.119.Final\netty-resolver-4.1.119.Final.jar;C:\Users\ASUS\.m2\repository\io\netty\netty-buffer\4.1.119.Final\netty-buffer-4.1.119.Final.jar;C:\Users\ASUS\.m2\repository\io\netty\netty-transport\4.1.119.Final\netty-transport-4.1.119.Final.jar;C:\Users\ASUS\.m2\repository\io\netty\netty-transport-native-unix-common\4.1.119.Final\netty-transport-native-unix-common-4.1.119.Final.jar;C:\Users\ASUS\.m2\repository\io\netty\netty-codec\4.1.119.Final\netty-codec-4.1.119.Final.jar;C:\Users\ASUS\.m2\repository\io\netty\netty-transport-native-epoll\4.1.119.Final\netty-transport-native-epoll-4.1.119.Final.jar;C:\Users\ASUS\.m2\repository\io\netty\netty-transport-classes-epoll\4.1.119.Final\netty-transport-classes-epoll-4.1.119.Final.jar;C:\Users\ASUS\.m2\repository\org\slf4j\slf4j-api\2.0.17\slf4j-api-2.0.17.jar;C:\Users\ASUS\.m2\repository\ch\qos\logback\logback-core\1.5.18\logback-core-1.5.18.jar;C:\Users\ASUS\.m2\repository\ch\qos\logback\logback-classic\1.5.18\logback-classic-1.5.18.jar;C:\Users\ASUS\.m2\repository\commons-io\commons-io\2.11.0\commons-io-2.11.0.jar;
2025-05-13T16:57:23.857+08:00  INFO 30248 --- [largescale] [           main] org.apache.zookeeper.ZooKeeper           : Client environment:java.library.path=C:\Users\ASUS\.jdks\openjdk-23.0.1\bin;C:\WINDOWS\Sun\Java\bin;C:\WINDOWS\system32;C:\WINDOWS;C:\WINDOWS\system32;C:\WINDOWS;C:\WINDOWS\System32\Wbem;C:\WINDOWS\System32\WindowsPowerShell\v1.0\;C:\WINDOWS\System32\OpenSSH\;F:\Java\jdk-18\bin;D:\node environment\;C:\Program Files\dotnet\;C:\Program Files\Microsoft SQL Server\150\Tools\Binn\;C:\Program Files\Microsoft SQL Server\Client SDK\ODBC\170\Tools\Binn\;F:\Windows Kits\10\Windows Performance Toolkit\;F:\maven\apache-maven-3.9.9-bin\apache-maven-3.9.9\bin;C:\Program Files\Git\cmd;F:\Visual Studio\2022\Community\Common7\IDE\CommonExtensions\Microsoft\CMake\CMake\bin;F:\JMeter\apache-jmeter-5.6.3\bin;G:\MySQL\MySQL Installation\MySQL Enterprise Backup 3.8.2\;C:\Users\ASUS\AppData\Local\Microsoft\WindowsApps;F:\Pycharm2020.1.3\PyCharm 2020.1.3\bin;;D:\ideaIU\IntelliJ IDEA 2024.1.7\bin;;C:\Users\ASUS\AppData\Roaming\npm;C:\Users\ASUS\.dotnet\tools;C:\Users\ASUS\AppData\Local\Programs\Microsoft VS Code\bin;F:\cursor\cursor\resources\app\bin;C:\Users\ASUS\AppData\Local\GitHubDesktop\bin;.
2025-05-13T16:57:23.857+08:00  INFO 30248 --- [largescale] [           main] org.apache.zookeeper.ZooKeeper           : Client environment:java.io.tmpdir=C:\Users\ASUS\AppData\Local\Temp\
2025-05-13T16:57:23.857+08:00  INFO 30248 --- [largescale] [           main] org.apache.zookeeper.ZooKeeper           : Client environment:java.compiler=<NA>
2025-05-13T16:57:23.857+08:00  INFO 30248 --- [largescale] [           main] org.apache.zookeeper.ZooKeeper           : Client environment:os.name=Windows 11
2025-05-13T16:57:23.857+08:00  INFO 30248 --- [largescale] [           main] org.apache.zookeeper.ZooKeeper           : Client environment:os.arch=amd64
2025-05-13T16:57:23.857+08:00  INFO 30248 --- [largescale] [           main] org.apache.zookeeper.ZooKeeper           : Client environment:os.version=10.0
2025-05-13T16:57:23.857+08:00  INFO 30248 --- [largescale] [           main] org.apache.zookeeper.ZooKeeper           : Client environment:user.name=ASUS
2025-05-13T16:57:23.857+08:00  INFO 30248 --- [largescale] [           main] org.apache.zookeeper.ZooKeeper           : Client environment:user.home=C:\Users\ASUS
2025-05-13T16:57:23.857+08:00  INFO 30248 --- [largescale] [           main] org.apache.zookeeper.ZooKeeper           : Client environment:user.dir=F:\users\Desktop\zheda\大三下课程\大规模信息系统构建技术导论\代码\GitHub\large-scale-Introduction\largescale
2025-05-13T16:57:23.859+08:00  INFO 30248 --- [largescale] [           main] org.apache.zookeeper.ZooKeeper           : Client environment:os.memory.free=26MB
2025-05-13T16:57:23.859+08:00  INFO 30248 --- [largescale] [           main] org.apache.zookeeper.ZooKeeper           : Client environment:os.memory.max=4002MB
2025-05-13T16:57:23.859+08:00  INFO 30248 --- [largescale] [           main] org.apache.zookeeper.ZooKeeper           : Client environment:os.memory.total=62MB
2025-05-13T16:57:23.860+08:00  INFO 30248 --- [largescale] [           main] org.apache.zookeeper.ZooKeeper           : Initiating client connection, connectString=47.122.84.149:2181 sessionTimeout=60000 watcher=org.apache.curator.ConnectionState@2a39aa2b
2025-05-13T16:57:23.863+08:00  INFO 30248 --- [largescale] [           main] org.apache.zookeeper.common.X509Util     : Setting -D jdk.tls.rejectClientInitiatedRenegotiation=true to disable client-initiated TLS renegotiation
2025-05-13T16:57:23.892+08:00  INFO 30248 --- [largescale] [           main] org.apache.zookeeper.ClientCnxnSocket    : jute.maxbuffer value is 1048575 Bytes
2025-05-13T16:57:23.897+08:00  INFO 30248 --- [largescale] [           main] org.apache.zookeeper.ClientCnxn          : zookeeper.request.timeout value is 0. feature enabled=false
2025-05-13T16:57:23.901+08:00  INFO 30248 --- [largescale] [           main] o.a.c.f.imps.CuratorFrameworkImpl        : Default schema
2025-05-13T16:57:32.945+08:00  INFO 30248 --- [largescale] [22.84.149:2181)] org.apache.zookeeper.ClientCnxn          : Opening socket connection to server 47.122.84.149/47.122.84.149:2181.
2025-05-13T16:57:32.947+08:00  INFO 30248 --- [largescale] [22.84.149:2181)] org.apache.zookeeper.ClientCnxn          : SASL config status: Will not attempt to authenticate using SASL (unknown error)
2025-05-13T16:57:32.969+08:00  INFO 30248 --- [largescale] [22.84.149:2181)] org.apache.zookeeper.ClientCnxn          : Socket connection established, initiating session, client: /10.162.147.236:52151, server: 47.122.84.149/47.122.84.149:2181
2025-05-13T16:57:33.005+08:00  INFO 30248 --- [largescale] [22.84.149:2181)] org.apache.zookeeper.ClientCnxn          : Session establishment complete on server 47.122.84.149/47.122.84.149:2181, session id = 0x20063ea70f5004d, negotiated timeout = 40000
2025-05-13T16:57:33.016+08:00  INFO 30248 --- [largescale] [ain-EventThread] o.a.c.f.state.ConnectionStateManager     : State change: CONNECTED
成功连接到 Zookeeper: 47.122.84.149:2181
47.122.84.149
2181
2025-05-13T16:57:33.044+08:00  INFO 30248 --- [largescale] [ain-EventThread] o.a.c.framework.imps.EnsembleTracker     : New config event received: {server.2=47.122.84.149:2881:3881:participant, server.1=101.37.38.162:2881:3881:participant, server.3=120.26.234.22:2881:3881:participant, version=0}
2025-05-13T16:57:33.051+08:00  INFO 30248 --- [largescale] [ain-EventThread] o.a.c.framework.imps.EnsembleTracker     : New config event received: {server.2=47.122.84.149:2881:3881:participant, server.1=101.37.38.162:2881:3881:participant, server.3=120.26.234.22:2881:3881:participant, version=0}
【已选举新的 Master】: 47.122.84.149
2025-05-13T16:57:33.453+08:00  INFO 30248 --- [largescale] [           main] o.a.c.f.imps.CuratorFrameworkImpl        : Starting
2025-05-13T16:57:33.453+08:00  INFO 30248 --- [largescale] [           main] org.apache.zookeeper.ZooKeeper           : Initiating client connection, connectString=47.122.84.149:2181 sessionTimeout=60000 watcher=org.apache.curator.ConnectionState@2da81754
2025-05-13T16:57:33.454+08:00  INFO 30248 --- [largescale] [           main] org.apache.zookeeper.ClientCnxnSocket    : jute.maxbuffer value is 1048575 Bytes
2025-05-13T16:57:33.456+08:00  INFO 30248 --- [largescale] [           main] org.apache.zookeeper.ClientCnxn          : zookeeper.request.timeout value is 0. feature enabled=false
2025-05-13T16:57:33.456+08:00  INFO 30248 --- [largescale] [           main] o.a.c.f.imps.CuratorFrameworkImpl        : Default schema
2025-05-13T16:57:42.497+08:00  INFO 30248 --- [largescale] [22.84.149:2181)] org.apache.zookeeper.ClientCnxn          : Opening socket connection to server 47.122.84.149/47.122.84.149:2181.
2025-05-13T16:57:42.499+08:00  INFO 30248 --- [largescale] [22.84.149:2181)] org.apache.zookeeper.ClientCnxn          : SASL config status: Will not attempt to authenticate using SASL (unknown error)
2025-05-13T16:57:42.521+08:00  INFO 30248 --- [largescale] [22.84.149:2181)] org.apache.zookeeper.ClientCnxn          : Socket connection established, initiating session, client: /10.162.147.236:52155, server: 47.122.84.149/47.122.84.149:2181
2025-05-13T16:57:42.554+08:00  INFO 30248 --- [largescale] [22.84.149:2181)] org.apache.zookeeper.ClientCnxn          : Session establishment complete on server 47.122.84.149/47.122.84.149:2181, session id = 0x20063ea70f5004e, negotiated timeout = 40000
2025-05-13T16:57:42.555+08:00  INFO 30248 --- [largescale] [ain-EventThread] o.a.c.f.state.ConnectionStateManager     : State change: CONNECTED
成功连接到 Zookeeper: 47.122.84.149:2181
2025-05-13T16:57:42.577+08:00  INFO 30248 --- [largescale] [ain-EventThread] o.a.c.framework.imps.EnsembleTracker     : New config event received: {server.2=47.122.84.149:2881:3881:participant, server.1=101.37.38.162:2881:3881:participant, server.3=120.26.234.22:2881:3881:participant, version=0}
2025-05-13T16:57:42.578+08:00  INFO 30248 --- [largescale] [ain-EventThread] o.a.c.framework.imps.EnsembleTracker     : New config event received: {server.2=47.122.84.149:2881:3881:participant, server.1=101.37.38.162:2881:3881:participant, server.3=120.26.234.22:2881:3881:participant, version=0}
2025-05-13T16:57:42.780+08:00  INFO 30248 --- [largescale] [           main] o.a.c.f.imps.CuratorFrameworkImpl        : Starting
2025-05-13T16:57:42.780+08:00  INFO 30248 --- [largescale] [           main] org.apache.zookeeper.ZooKeeper           : Initiating client connection, connectString=47.122.84.149:2181 sessionTimeout=60000 watcher=org.apache.curator.ConnectionState@412c5e8b
2025-05-13T16:57:42.781+08:00  INFO 30248 --- [largescale] [           main] org.apache.zookeeper.ClientCnxnSocket    : jute.maxbuffer value is 1048575 Bytes
2025-05-13T16:57:42.782+08:00  INFO 30248 --- [largescale] [           main] org.apache.zookeeper.ClientCnxn          : zookeeper.request.timeout value is 0. feature enabled=false
2025-05-13T16:57:42.782+08:00  INFO 30248 --- [largescale] [           main] o.a.c.f.imps.CuratorFrameworkImpl        : Default schema
2025-05-13T16:57:51.828+08:00  INFO 30248 --- [largescale] [22.84.149:2181)] org.apache.zookeeper.ClientCnxn          : Opening socket connection to server 47.122.84.149/47.122.84.149:2181.
2025-05-13T16:57:51.829+08:00  INFO 30248 --- [largescale] [22.84.149:2181)] org.apache.zookeeper.ClientCnxn          : SASL config status: Will not attempt to authenticate using SASL (unknown error)
2025-05-13T16:57:51.850+08:00  INFO 30248 --- [largescale] [22.84.149:2181)] org.apache.zookeeper.ClientCnxn          : Socket connection established, initiating session, client: /10.162.147.236:52163, server: 47.122.84.149/47.122.84.149:2181
2025-05-13T16:57:51.883+08:00  INFO 30248 --- [largescale] [22.84.149:2181)] org.apache.zookeeper.ClientCnxn          : Session establishment complete on server 47.122.84.149/47.122.84.149:2181, session id = 0x20063ea70f5004f, negotiated timeout = 40000
2025-05-13T16:57:51.884+08:00  INFO 30248 --- [largescale] [ain-EventThread] o.a.c.f.state.ConnectionStateManager     : State change: CONNECTED
成功连接到 Zookeeper: 47.122.84.149:2181
47.122.84.149
2181
2025-05-13T16:57:51.906+08:00  INFO 30248 --- [largescale] [ain-EventThread] o.a.c.framework.imps.EnsembleTracker     : New config event received: {server.2=47.122.84.149:2881:3881:participant, server.1=101.37.38.162:2881:3881:participant, server.3=120.26.234.22:2881:3881:participant, version=0}
2025-05-13T16:57:51.907+08:00  INFO 30248 --- [largescale] [ain-EventThread] o.a.c.framework.imps.EnsembleTracker     : New config event received: {server.2=47.122.84.149:2881:3881:participant, server.1=101.37.38.162:2881:3881:participant, server.3=120.26.234.22:2881:3881:participant, version=0}
【已选举新的 Master】: 47.122.84.149
2025-05-13T16:57:52.542+08:00  INFO 30248 --- [largescale] [           main] c.w.l.LargescaleApplicationTests         : Started LargescaleApplicationTests in 29.777 seconds (process running for 30.604)
]]></system-out>
    <system-err><![CDATA[47.122.84.149:2181
leader
47.122.84.149:2181
47.122.84.149:2181
leader
Mockito is currently self-attaching to enable the inline-mock-maker. This will no longer work in future releases of the JDK. Please add Mockito as an agent to your build what is described in Mockito's documentation: https://javadoc.io/doc/org.mockito/mockito-core/latest/org/mockito/Mockito.html#0.3
WARNING: A Java agent has been loaded dynamically (C:\Users\ASUS\.m2\repository\net\bytebuddy\byte-buddy-agent\1.15.11\byte-buddy-agent-1.15.11.jar)
WARNING: If a serviceability tool is in use, please run with -XX:+EnableDynamicAgentLoading to hide this warning
WARNING: If a serviceability tool is not in use, please run with -Djdk.instrument.traceUsage for more information
WARNING: Dynamic loading of agents will be disallowed by default in a future release
]]></system-err>
  </testcase>
</testsuite>