<?xml version="1.0" encoding="UTF-8"?>
<testsuite xmlns:xsi="http://www.w3.org/2001/XMLSchema-instance" xsi:noNamespaceSchemaLocation="https://maven.apache.org/surefire/maven-surefire-plugin/xsd/surefire-test-report.xsd" version="3.0.2" name="com.waxjx.largescale.LargescaleApplicationTests" time="2.575" tests="1" errors="0" skipped="0" failures="0">
  <properties>
[...]
</properties>
  <testcase name="contextLoads" classname="com.waxjx.largescale.LargescaleApplicationTests" time="0.612">
    <system-out><![CDATA[15:05:03.868 [main] INFO org.springframework.test.context.support.AnnotationConfigContextLoaderUtils -- Could not detect default configuration classes for test class [com.waxjx.largescale.LargescaleApplicationTests]: LargescaleApplicationTests does not declare any static, non-private, non-final, nested classes annotated with @Configuration.
15:05:03.959 [main] INFO org.springframework.boot.test.context.SpringBootTestContextBootstrapper -- Found @SpringBootConfiguration com.waxjx.largescale.LargescaleApplication for test class com.waxjx.largescale.LargescaleApplicationTests

  .   ____          _            __ _ _
 /\\ / ___'_ __ _ _(_)_ __  __ _ \ \ \ \
( ( )\___ | '_ | '_| | '_ \/ _` | \ \ \ \
 \\/  ___)| |_)| | | | | || (_| |  ) ) ) )
  '  |____| .__|_| |_|_| |_\__, | / / / /
 =========|_|==============|___/=/_/_/_/

 :: Spring Boot ::                (v3.4.4)

2025-05-02T15:05:04.276+08:00  INFO 45492 --- [largescale] [           main] c.w.l.LargescaleApplicationTests         : Starting LargescaleApplicationTests using Java 18.0.2.1 with PID 45492 (started by ASUS in F:\users\Desktop\zheda\大三下课程\大规模信息系统构建技术导论\Dubbo学习\largescale)
2025-05-02T15:05:04.277+08:00  INFO 45492 --- [largescale] [           main] c.w.l.LargescaleApplicationTests         : No active profile set, falling back to 1 default profile: "default"
2025-05-02T15:05:05.699+08:00  INFO 45492 --- [largescale] [           main] c.w.l.LargescaleApplicationTests         : Started LargescaleApplicationTests in 1.622 seconds (process running for 2.333)
]]></system-out>
  </testcase>
</testsuite>